<?xml version="1.0" encoding="UTF-8"?>
<!-- Generated by org.testng.reporters.JUnitReportReporter -->
<testsuite hostname="DESKTOP-85MDBOU" failures="0" tests="2" name="TestNGpractice.NewTest1" time="0.006" errors="0" timestamp="2022-09-23T22:20:46 IST" skipped="1">
  <testcase classname="TestNGpractice.NewTest1" name="a" time="0.006"/>
  <system-out/>
  <testcase classname="TestNGpractice.NewTest1" name="failedtest">
    <skipped/>
  </testcase> <!-- failedtest -->
  <system-out/>
</testsuite> <!-- TestNGpractice.NewTest1 -->
